<?xml version="1.0" encoding="UTF-8"?>
<testng-results ignored="0" total="1" passed="1" failed="0" skipped="0">
  <reporter-output>
  </reporter-output>
  <suite started-at="2024-03-03T19:22:25 IST" name="Default suite" finished-at="2024-03-03T19:23:35 IST" duration-ms="70317">
    <groups>
    </groups>
    <test started-at="2024-03-03T19:22:25 IST" name="Default test" finished-at="2024-03-03T19:23:35 IST" duration-ms="70317">
      <class name="Testcases.OraneHRM.Jobs">
        <test-method signature="LoginTest()[pri:0, instance:Testcases.OraneHRM.Jobs@5524cca1]" started-at="2024-03-03T19:22:25 IST" name="LoginTest" finished-at="2024-03-03T19:23:32 IST" duration-ms="66581" status="PASS">
          <reporter-output>
          </reporter-output>
        </test-method> <!-- LoginTest -->
        <test-method is-config="true" signature="jobs()[pri:0, instance:Testcases.OraneHRM.Jobs@5524cca1]" started-at="2024-03-03T19:23:32 IST" name="jobs" finished-at="2024-03-03T19:23:35 IST" duration-ms="3692" status="PASS">
          <reporter-output>
          </reporter-output>
        </test-method> <!-- jobs -->
      </class> <!-- Testcases.OraneHRM.Jobs -->
    </test> <!-- Default test -->
  </suite> <!-- Default suite -->
</testng-results>
