<?xml version="1.0" encoding="UTF-8"?>
<testng-results ignored="0" total="1" passed="1" failed="0" skipped="0">
  <reporter-output>
  </reporter-output>
  <suite started-at="2024-03-01T00:35:40 IST" name="Default suite" finished-at="2024-03-01T00:35:57 IST" duration-ms="16973">
    <groups>
    </groups>
    <test started-at="2024-03-01T00:35:40 IST" name="Default test" finished-at="2024-03-01T00:35:57 IST" duration-ms="16973">
      <class name="Testcases.OraneHRM.Login">
        <test-method signature="LoginTest()[pri:0, instance:Testcases.OraneHRM.Login@53aac487]" started-at="2024-03-01T00:35:40 IST" name="LoginTest" finished-at="2024-03-01T00:35:57 IST" duration-ms="16924" status="PASS">
          <reporter-output>
          </reporter-output>
        </test-method> <!-- LoginTest -->
      </class> <!-- Testcases.OraneHRM.Login -->
    </test> <!-- Default test -->
  </suite> <!-- Default suite -->
</testng-results>
